Running Sphinx v8.2.3
loading translations [en]... done
myst v4.0.1: MdParserConfig(commonmark_only=False, gfm_only=False, enable_extensions=set(), disable_syntax=[], all_links_external=False, links_external_new_tab=False, url_schemes=('http', 'https', 'mailto', 'ftp'), ref_domains=None, fence_as_directive=set(), number_code_blocks=[], title_to_header=True, heading_anchors=3, heading_slug_func=None, html_meta={}, footnote_sort=True, footnote_transition=True, words_per_minute=200, substitutions={}, linkify_fuzzy_links=True, dmath_allow_labels=True, dmath_allow_space=True, dmath_allow_digits=True, dmath_double_inline=False, update_mathjax=True, mathjax_classes='tex2jax_process|mathjax_process|math|output_area', enable_checkboxes=False, suppress_warnings=[], highlight_code_blocks=True)
building [mo]: targets for 0 po files that are out of date
writing output... 
building [html]: targets for 14 source files that are out of date
updating environment: [new config] 14 added, 0 changed, 0 removed
reading sources... [  7%] api/classic/eltwise
reading sources... [ 14%] api/classic/gemm
reading sources... [ 21%] api/classic/index
reading sources... [ 29%] api/classic/utils
reading sources... [ 36%] api/eltwise/index
reading sources... [ 43%] api/gemm/index
reading sources... [ 50%] api/index
reading sources... [ 57%] api/library/index
reading sources... [ 64%] api/overview
reading sources... [ 71%] api/post_ops/index
reading sources... [ 79%] api/types/index
reading sources... [ 86%] api/utils/index
reading sources... [ 93%] index
reading sources... [100%] requirements

/home/abhiram/aocl-dlp/docs/sphinx/api/classic/eltwise.rst:4: ERROR: Error in "doxygenfile" directive:
unknown option: "preprocess".

.. doxygenfile:: aocl_eltwise_ops_interface_apis.h
   :project: aocl-dlp
   :preprocess: [docutils]
/home/abhiram/aocl-dlp/docs/sphinx/api/classic/gemm.rst:4: ERROR: Error in "doxygenfile" directive:
unknown option: "preprocess".

.. doxygenfile:: aocl_gemm_interface_apis.h
   :project: aocl-dlp
   :preprocess: [docutils]
/home/abhiram/aocl-dlp/docs/sphinx/api/classic/utils.rst:4: ERROR: Error in "doxygenfile" directive:
unknown option: "preprocess".

.. doxygenfile:: aocl_util_interface_apis.h
   :project: aocl-dlp
   :preprocess: [docutils]
/home/abhiram/aocl-dlp/docs/sphinx/api/eltwise/index.rst:6: ERROR: Error in "doxygenfile" directive:
unknown option: "preprocess".

.. doxygenfile:: aocl_eltwise_ops_interface_apis.h
   :project: aocl-dlp
   :preprocess: [docutils]
/home/abhiram/aocl-dlp/docs/sphinx/api/eltwise/index.rst:9: WARNING: Explicit markup ends without a blank line; unexpected unindent. [docutils]
/home/abhiram/aocl-dlp/docs/sphinx/api/gemm/index.rst:210: ERROR: Error in "doxygenfile" directive:
unknown option: "preprocess".

.. doxygenfile:: aocl_gemm_interface_apis.h
   :project: aocl-dlp
   :preprocess: [docutils]
/home/abhiram/aocl-dlp/docs/sphinx/api/gemm/index.rst:12: WARNING: duplicate label function reference, other instance in /home/abhiram/aocl-dlp/docs/sphinx/api/eltwise/index.rst [autosectionlabel.api/gemm/index]
/home/abhiram/aocl-dlp/docs/sphinx/api/index.rst:68: WARNING: duplicate label element-wise operations, other instance in /home/abhiram/aocl-dlp/docs/sphinx/api/eltwise/index.rst [autosectionlabel.api/index]
/home/abhiram/aocl-dlp/docs/sphinx/api/library/index.rst:6: ERROR: Error in "doxygenfile" directive:
unknown option: "preprocess".

.. doxygenfile:: aocl_lib_interface_apis.h
   :project: aocl-dlp
   :preprocess: [docutils]
/home/abhiram/aocl-dlp/docs/sphinx/api/library/index.rst:9: WARNING: Explicit markup ends without a blank line; unexpected unindent. [docutils]
/home/abhiram/aocl-dlp/docs/sphinx/api/library/index.rst:2: WARNING: duplicate label library management, other instance in /home/abhiram/aocl-dlp/docs/sphinx/api/index.rst [autosectionlabel.api/library/index]
/home/abhiram/aocl-dlp/docs/sphinx/api/overview.rst:65: WARNING: duplicate label core gemm operations, other instance in /home/abhiram/aocl-dlp/docs/sphinx/api/index.rst [autosectionlabel.api/overview]
/home/abhiram/aocl-dlp/docs/sphinx/api/overview.rst:82: WARNING: duplicate label batch operations, other instance in /home/abhiram/aocl-dlp/docs/sphinx/api/index.rst [autosectionlabel.api/overview]
/home/abhiram/aocl-dlp/docs/sphinx/api/overview.rst:93: WARNING: duplicate label element-wise operations, other instance in /home/abhiram/aocl-dlp/docs/sphinx/api/index.rst [autosectionlabel.api/overview]
/home/abhiram/aocl-dlp/docs/sphinx/api/overview.rst:104: WARNING: duplicate label utility functions, other instance in /home/abhiram/aocl-dlp/docs/sphinx/api/index.rst [autosectionlabel.api/overview]
/home/abhiram/aocl-dlp/docs/sphinx/api/overview.rst:116: WARNING: duplicate label matrix reordering, other instance in /home/abhiram/aocl-dlp/docs/sphinx/api/gemm/index.rst [autosectionlabel.api/overview]
/home/abhiram/aocl-dlp/docs/sphinx/api/overview.rst:129: WARNING: duplicate label library management, other instance in /home/abhiram/aocl-dlp/docs/sphinx/api/library/index.rst [autosectionlabel.api/overview]
/home/abhiram/aocl-dlp/docs/sphinx/api/overview.rst:288: WARNING: duplicate label threading configuration, other instance in /home/abhiram/aocl-dlp/docs/sphinx/api/library/index.rst [autosectionlabel.api/overview]
/home/abhiram/aocl-dlp/docs/sphinx/api/overview.rst:391: WARNING: duplicate label parameter validation, other instance in /home/abhiram/aocl-dlp/docs/sphinx/api/overview.rst [autosectionlabel.api/overview]
/home/abhiram/aocl-dlp/docs/sphinx/api/overview.rst:477: WARNING: duplicate label see also, other instance in /home/abhiram/aocl-dlp/docs/sphinx/api/index.rst [autosectionlabel.api/overview]
/home/abhiram/aocl-dlp/docs/sphinx/api/post_ops/index.rst:6: ERROR: Error in "doxygenfile" directive:
unknown option: "preprocess".

.. doxygenfile:: classic/aocl_gemm_post_ops.h
   :project: aocl-dlp
   :preprocess: [docutils]
/home/abhiram/aocl-dlp/docs/sphinx/api/post_ops/index.rst:9: WARNING: Explicit markup ends without a blank line; unexpected unindent. [docutils]
/home/abhiram/aocl-dlp/docs/sphinx/api/post_ops/index.rst:83: ERROR: Error in "doxygenfile" directive:
unknown option: "preprocess".

.. doxygenfile:: aocl_gemm_post_ops.h
   :project: aocl-dlp
   :preprocess: [docutils]
/home/abhiram/aocl-dlp/docs/sphinx/api/types/index.rst:6: WARNING: doxygengroup: Cannot find group "data_types" in doxygen xml output for project "aocl-dlp" from directory: /home/abhiram/aocl-dlp/build/docs/doxygen/xml [docutils]
/home/abhiram/aocl-dlp/docs/sphinx/api/types/index.rst:34: WARNING: Duplicate C++ declaration, also defined at api/post_ops/index:12.
Declaration is '.. cpp:struct:: dlp_metadata_t'. [duplicate_declaration.cpp]
/home/abhiram/aocl-dlp/docs/sphinx/api/types/index.rst:34: WARNING: Duplicate C++ declaration, also defined at api/post_ops/index:12.
Declaration is '.. cpp:member:: dlp_scale_t * scale'. [duplicate_declaration.cpp]
/home/abhiram/aocl-dlp/docs/sphinx/api/types/index.rst:34: WARNING: Duplicate C++ declaration, also defined at api/post_ops/index:12.
Declaration is '.. cpp:member:: dlp_post_op_eltwise * eltwise'. [duplicate_declaration.cpp]
/home/abhiram/aocl-dlp/docs/sphinx/api/types/index.rst:34: WARNING: Duplicate C++ declaration, also defined at api/post_ops/index:12.
Declaration is '.. cpp:member:: dlp_post_op_bias * bias'. [duplicate_declaration.cpp]
/home/abhiram/aocl-dlp/docs/sphinx/api/types/index.rst:34: WARNING: Duplicate C++ declaration, also defined at api/post_ops/index:12.
Declaration is '.. cpp:member:: dlp_post_op_matrix_add * matrix_add'. [duplicate_declaration.cpp]
/home/abhiram/aocl-dlp/docs/sphinx/api/types/index.rst:34: WARNING: Duplicate C++ declaration, also defined at api/post_ops/index:12.
Declaration is '.. cpp:member:: dlp_post_op_matrix_mul * matrix_mul'. [duplicate_declaration.cpp]
/home/abhiram/aocl-dlp/docs/sphinx/api/types/index.rst:34: WARNING: Duplicate C++ declaration, also defined at api/post_ops/index:12.
Declaration is '.. cpp:member:: md_t seq_length'. [duplicate_declaration.cpp]
/home/abhiram/aocl-dlp/docs/sphinx/api/types/index.rst:34: WARNING: Duplicate C++ declaration, also defined at api/post_ops/index:12.
Declaration is '.. cpp:member:: DLP_POST_OP_TYPE * seq_vector'. [duplicate_declaration.cpp]
/home/abhiram/aocl-dlp/docs/sphinx/api/types/index.rst:34: WARNING: Duplicate C++ declaration, also defined at api/post_ops/index:12.
Declaration is '.. cpp:member:: dlp_pre_op * pre_ops'. [duplicate_declaration.cpp]
/home/abhiram/aocl-dlp/docs/sphinx/api/types/index.rst:34: WARNING: Duplicate C++ declaration, also defined at api/post_ops/index:12.
Declaration is '.. cpp:member:: dlp_group_post_op * post_op_grp'. [duplicate_declaration.cpp]
/home/abhiram/aocl-dlp/docs/sphinx/api/types/index.rst:34: WARNING: Duplicate C++ declaration, also defined at api/post_ops/index:12.
Declaration is '.. cpp:member:: md_t num_eltwise'. [duplicate_declaration.cpp]
/home/abhiram/aocl-dlp/docs/sphinx/api/types/index.rst:34: WARNING: Duplicate C++ declaration, also defined at api/post_ops/index:12.
Declaration is '.. cpp:member:: dlp_error_hndl_t error_hndl'. [duplicate_declaration.cpp]
/home/abhiram/aocl-dlp/docs/sphinx/api/types/index.rst:41: WARNING: Duplicate C++ declaration, also defined at api/post_ops/index:66.
Declaration is '.. cpp:enum:: DLP_POST_OP_TYPE'. [duplicate_declaration.cpp]
/home/abhiram/aocl-dlp/docs/sphinx/api/types/index.rst:41: WARNING: Duplicate C++ declaration, also defined at api/post_ops/index:66.
Declaration is '.. cpp:enumerator:: ELTWISE'. [duplicate_declaration.cpp]
/home/abhiram/aocl-dlp/docs/sphinx/api/types/index.rst:41: WARNING: Duplicate C++ declaration, also defined at api/post_ops/index:66.
Declaration is '.. cpp:enumerator:: BIAS'. [duplicate_declaration.cpp]
/home/abhiram/aocl-dlp/docs/sphinx/api/types/index.rst:41: WARNING: Duplicate C++ declaration, also defined at api/post_ops/index:66.
Declaration is '.. cpp:enumerator:: SCALE'. [duplicate_declaration.cpp]
/home/abhiram/aocl-dlp/docs/sphinx/api/types/index.rst:41: WARNING: Duplicate C++ declaration, also defined at api/post_ops/index:66.
Declaration is '.. cpp:enumerator:: MATRIX_ADD'. [duplicate_declaration.cpp]
/home/abhiram/aocl-dlp/docs/sphinx/api/types/index.rst:41: WARNING: Duplicate C++ declaration, also defined at api/post_ops/index:66.
Declaration is '.. cpp:enumerator:: MATRIX_MUL'. [duplicate_declaration.cpp]
/home/abhiram/aocl-dlp/docs/sphinx/api/types/index.rst:44: WARNING: Duplicate C++ declaration, also defined at api/post_ops/index:69.
Declaration is '.. cpp:enum:: DLP_ELT_ALGO_TYPE'. [duplicate_declaration.cpp]
/home/abhiram/aocl-dlp/docs/sphinx/api/types/index.rst:44: WARNING: Duplicate C++ declaration, also defined at api/post_ops/index:69.
Declaration is '.. cpp:enumerator:: RELU'. [duplicate_declaration.cpp]
/home/abhiram/aocl-dlp/docs/sphinx/api/types/index.rst:44: WARNING: Duplicate C++ declaration, also defined at api/post_ops/index:69.
Declaration is '.. cpp:enumerator:: PRELU'. [duplicate_declaration.cpp]
/home/abhiram/aocl-dlp/docs/sphinx/api/types/index.rst:44: WARNING: Duplicate C++ declaration, also defined at api/post_ops/index:69.
Declaration is '.. cpp:enumerator:: GELU_TANH'. [duplicate_declaration.cpp]
/home/abhiram/aocl-dlp/docs/sphinx/api/types/index.rst:44: WARNING: Duplicate C++ declaration, also defined at api/post_ops/index:69.
Declaration is '.. cpp:enumerator:: GELU_ERF'. [duplicate_declaration.cpp]
/home/abhiram/aocl-dlp/docs/sphinx/api/types/index.rst:44: WARNING: Duplicate C++ declaration, also defined at api/post_ops/index:69.
Declaration is '.. cpp:enumerator:: CLIP'. [duplicate_declaration.cpp]
/home/abhiram/aocl-dlp/docs/sphinx/api/types/index.rst:44: WARNING: Duplicate C++ declaration, also defined at api/post_ops/index:69.
Declaration is '.. cpp:enumerator:: SWISH'. [duplicate_declaration.cpp]
/home/abhiram/aocl-dlp/docs/sphinx/api/types/index.rst:44: WARNING: Duplicate C++ declaration, also defined at api/post_ops/index:69.
Declaration is '.. cpp:enumerator:: TANH'. [duplicate_declaration.cpp]
/home/abhiram/aocl-dlp/docs/sphinx/api/types/index.rst:44: WARNING: Duplicate C++ declaration, also defined at api/post_ops/index:69.
Declaration is '.. cpp:enumerator:: SIGMOID'. [duplicate_declaration.cpp]
/home/abhiram/aocl-dlp/docs/sphinx/api/types/index.rst:244: ERROR: Error in "doxygenfile" directive:
unknown option: "preprocess".

.. doxygenfile:: classic/aocl_gemm_post_ops.h
   :project: aocl-dlp
   :preprocess: [docutils]
/home/abhiram/aocl-dlp/docs/sphinx/api/types/index.rst:83: WARNING: duplicate label data type naming convention, other instance in /home/abhiram/aocl-dlp/docs/sphinx/api/index.rst [autosectionlabel.api/types/index]
/home/abhiram/aocl-dlp/docs/sphinx/api/types/index.rst:226: WARNING: duplicate label best practices, other instance in /home/abhiram/aocl-dlp/docs/sphinx/api/overview.rst [autosectionlabel.api/types/index]
/home/abhiram/aocl-dlp/docs/sphinx/api/types/index.rst:235: WARNING: duplicate label see also, other instance in /home/abhiram/aocl-dlp/docs/sphinx/api/overview.rst [autosectionlabel.api/types/index]
/home/abhiram/aocl-dlp/docs/sphinx/api/types/index.rst:242: WARNING: duplicate label full header reference, other instance in /home/abhiram/aocl-dlp/docs/sphinx/api/post_ops/index.rst [autosectionlabel.api/types/index]
/home/abhiram/aocl-dlp/docs/sphinx/api/utils/index.rst:6: ERROR: Error in "doxygenfile" directive:
unknown option: "preprocess".

.. doxygenfile:: aocl_util_interface_apis.h
   :project: aocl-dlp
   :preprocess: [docutils]
/home/abhiram/aocl-dlp/docs/sphinx/api/utils/index.rst:9: WARNING: Explicit markup ends without a blank line; unexpected unindent. [docutils]
/home/abhiram/aocl-dlp/docs/sphinx/api/utils/index.rst:2: WARNING: duplicate label utility functions, other instance in /home/abhiram/aocl-dlp/docs/sphinx/api/overview.rst [autosectionlabel.api/utils/index]
/home/abhiram/aocl-dlp/docs/sphinx/api/utils/index.rst:10: WARNING: duplicate label function reference, other instance in /home/abhiram/aocl-dlp/docs/sphinx/api/gemm/index.rst [autosectionlabel.api/utils/index]
looking for now-outdated files... none found
pickling environment... done
checking consistency... /home/abhiram/aocl-dlp/docs/sphinx/api/types/index.rst: WARNING: document isn't included in any toctree [toc.not_included]
/home/abhiram/aocl-dlp/docs/sphinx/requirements.txt: WARNING: document isn't included in any toctree [toc.not_included]
/home/abhiram/aocl-dlp/docs/sphinx/api/library/index.rst: document is referenced in multiple toctrees: ['api/classic/index', 'api/index'], selecting: api/index <- api/library/index
done
preparing documents... done
copying assets... 
copying static files... 
Writing evaluated template result to /home/abhiram/aocl-dlp/build/docs/sphinx/_static/documentation_options.js
Writing evaluated template result to /home/abhiram/aocl-dlp/build/docs/sphinx/_static/basic.css
Writing evaluated template result to /home/abhiram/aocl-dlp/build/docs/sphinx/_static/language_data.js
copying static files: done
copying extra files... 
copying extra files: done
copying assets: done
writing output... [  7%] api/classic/eltwise
writing output... [ 14%] api/classic/gemm
writing output... [ 21%] api/classic/index
writing output... [ 29%] api/classic/utils
writing output... [ 36%] api/eltwise/index
writing output... [ 43%] api/gemm/index
writing output... [ 50%] api/index
writing output... [ 57%] api/library/index
writing output... [ 64%] api/overview
writing output... [ 71%] api/post_ops/index
writing output... [ 79%] api/types/index
writing output... [ 86%] api/utils/index
writing output... [ 93%] index
writing output... [100%] requirements

/home/abhiram/aocl-dlp/docs/sphinx/api/overview.rst:481: WARNING: unknown document: '../tutorials/index' [ref.doc]
/home/abhiram/aocl-dlp/docs/sphinx/api/overview.rst:482: WARNING: unknown document: '../examples/index' [ref.doc]
generating indices... genindex done
highlighting module code... 
writing additional pages... search done
dumping search index in English (code: en)... done
dumping object inventory... done
build succeeded, 64 warnings.

The HTML pages are in docs/sphinx.
